<html>
<body>
<pre>
<h1>µVision Build Log</h1>
<h2>Tool Versions:</h2>
IDE-Version: ¦ÌVision V5.33.0.0
Copyright (C) 2020 ARM Ltd and ARM Germany GmbH. All rights reserved.
License Information: upon UPON, upon, LIC=GMZI6-DKT20-9U24U-SWYLI-8TH58-M63FY
 
Tool Versions:
Toolchain:       MDK-ARM Plus  Version: 5.33.0.0
Toolchain Path:  D:\EmbeddedEnv\keil\ARM\ARMCC\Bin
C Compiler:      Armcc.exe V5.06 update 7 (build 960)
Assembler:       Armasm.exe V5.06 update 7 (build 960)
Linker/Locator:  ArmLink.exe V5.06 update 7 (build 960)
Library Manager: ArmAr.exe V5.06 update 7 (build 960)
Hex Converter:   FromElf.exe V5.06 update 7 (build 960)
CPU DLL:         SARMCM3.DLL V5.33.0.0
Dialog DLL:      DCM.DLL V1.17.3.0
Target DLL:      STLink\ST-LINKIII-KEIL_SWO.dll V3.0.8.0
Dialog DLL:      TCM.DLL V1.48.0.0
 
<h2>Project:</h2>
E:\Homework\stm32\1\USER\Oscilloscope.uvprojx
Project File Date:  12/26/2023

<h2>Output:</h2>
*** Using Compiler 'V5.06 update 7 (build 960)', folder: 'D:\EmbeddedEnv\keil\ARM\ARMCC\Bin'
Build target 'Target 1'
compiling const.c...
compiling main.c...
utils.h(18): warning:  #1-D: last line of file ends without a newline
  #endif
main.c(94): error:  #254: type name is not allowed
          for (u32 i = 0; i <= NPT; i += 1) {
main.c(94): error:  #65: expected a ";"
          for (u32 i = 0; i <= NPT; i += 1) {
main.c(94): error:  #20: identifier "i" is undefined
          for (u32 i = 0; i <= NPT; i += 1) {
main.c(104): warning:  #223-D: function "fft2shift" declared implicitly
                  fft2shift(IN fftout, OUT fftshift);
main.c(105): warning:  #167-D: argument of type "long *" is incompatible with parameter of type "u32 *"
                  UpdateWindow(IN DRAWFFT, IN uint_voltage, IN fftshift);
main.c(217): warning:  #223-D: function "BEEP_Long" declared implicitly
              BEEP_Long();
main.c(222): warning:  #223-D: function "BEEP_Short" declared implicitly
          BEEP_Short();
main.c(258): warning:  #223-D: function "BEEP_Long" declared implicitly
              BEEP_Long();
main.c(263): warning:  #223-D: function "BEEP_Short" declared implicitly
          BEEP_Short();
main.c: 7 warnings, 3 errors
compiling beep.c...
..\HARDWARE\BEEP\beep.c(35): warning:  #223-D: function "delay_ms" declared implicitly
  	delay_ms(50);
..\HARDWARE\BEEP\beep.c(43): warning:  #223-D: function "delay_ms" declared implicitly
  	delay_ms(800);
..\HARDWARE\BEEP\beep.c(45): warning:  #1-D: last line of file ends without a newline
  }
..\HARDWARE\BEEP\beep.c: 3 warnings, 0 errors
compiling utils.c...
utils.h(18): warning:  #1-D: last line of file ends without a newline
  #endif
utils.c(10): warning:  #223-D: function "delay_ms" declared implicitly
          delay_ms(100);
utils.c(53): warning:  #223-D: function "cr4_fft_1024_stm32" declared implicitly
      cr4_fft_1024_stm32(fftout, fftin, NPT);
utils.c(88): warning:  #223-D: function "delay_ms" declared implicitly
      delay_ms(100);
utils.c(90): warning:  #223-D: function "strcmp" declared implicitly
          if (strcmp(Serial_RxPacket, "F+") == 0) {
utils.c(166): error:  #29: expected an expression
      for (int i = 0; i < NPT; i++) {
utils.c(166): error:  #20: identifier "i" is undefined
      for (int i = 0; i < NPT; i++) {
utils.c(170): error:  #29: expected an expression
      for (int i = 0; i < NPT; i++) {
utils.c(174): error:  #29: expected an expression
      for (int i = 0; i < NPT; i++) {
utils.c(178): error:  #29: expected an expression
      for (int i = 0; i < NPT; i++) {
utils.c(182): warning:  #1-D: last line of file ends without a newline
  }
utils.c: 6 warnings, 5 errors
compiling ui.c...
ui.c(141): warning:  #1-D: last line of file ends without a newline
  }
ui.c: 1 warning, 0 errors
".\Objects\¼òÒ×Ê¾²¨Æ÷.axf" - 8 Error(s), 17 Warning(s).

<h2>Software Packages used:</h2>

Package Vendor: Keil
                http://www.keil.com/pack/Keil.STM32F1xx_DFP.2.3.0.pack
                Keil.STM32F1xx_DFP.2.3.0
                STMicroelectronics STM32F1 Series Device Support, Drivers and Examples

<h2>Collection of Component include folders:</h2>
  D:\EmbeddedEnv\keil_pack\Keil\STM32F1xx_DFP\2.3.0\Device\Include

<h2>Collection of Component Files used:</h2>
Target not created.
Build Time Elapsed:  00:00:01
</pre>
</body>
</html>
